<?xml version="1.0" encoding="UTF-8"?>
<!-- Generated by org.testng.reporters.JUnitReportReporter -->
<testsuite hostname="akliuieva3-wf.local" name="DogControllerTest" tests="5" failures="0" timestamp="30 Apr 2018 14:23:09 GMT" time="2.312" errors="0">
  <testcase name="testGetDogByIdMethod" time="0.002" classname="DogControllerTest"/>
  <testcase name="testGetAllDogsMethod" time="0.000" classname="DogControllerTest"/>
  <testcase name="testUpdateDogMethod" time="0.001" classname="DogControllerTest"/>
  <testcase name="testDeleteDogMethod" time="0.006" classname="DogControllerTest"/>
  <testcase name="testCreateDogMethod" time="2.303" classname="DogControllerTest"/>
</testsuite> <!-- DogControllerTest -->
