<?xml version="1.0" encoding="UTF-8"?>
<!-- Generated by org.testng.reporters.JUnitReportReporter -->
<testsuite hostname="akliuieva3-wf.local" name="DogDAOTest" tests="10" failures="0" timestamp="30 Apr 2018 14:23:04 GMT" time="3.556" errors="0">
  <testcase name="verifyDeleteRequest_400NotFound" time="0.280" classname="DogDAOTest"/>
  <testcase name="verifyGetAllRequest" time="0.338" classname="DogDAOTest"/>
  <testcase name="verifyUpdateRequest_404NotFound" time="0.076" classname="DogDAOTest"/>
  <testcase name="verifyAddDogRequest_404BadRequest" time="1.081" classname="DogDAOTest"/>
  <testcase name="verifyUpdateRequest_200Ok" time="0.289" classname="DogDAOTest"/>
  <testcase name="verifyAddDogRequest_200Ok" time="0.873" classname="DogDAOTest"/>
  <testcase name="verifyGetByIdRequestOkResponse" time="0.047" classname="DogDAOTest"/>
  <testcase name="verifyDeleteRequest_200Ok" time="0.161" classname="DogDAOTest"/>
  <testcase name="verifyGetByIdRequestNotFoundEntry_ShouldReturnHttpStatusCode404" time="0.245" classname="DogDAOTest"/>
  <testcase name="verifyFindAll_EmptyDB" time="0.166" classname="DogDAOTest"/>
</testsuite> <!-- DogDAOTest -->
