<?xml version="1.0" encoding="UTF-8"?>
<!-- Generated by org.testng.reporters.JUnitReportReporter -->
<testsuite hostname="akliuieva3-wf.local" name="DBTest" tests="4" failures="0" timestamp="30 Apr 2018 14:23:14 GMT" time="1.937" errors="0">
  <testcase name="verifyGetByIdNotFoundResponse" time="0.091" classname="DBTest"/>
  <testcase name="verifyFindAllItems" time="1.783" classname="DBTest"/>
  <testcase name="verifyGetByIdRequestOkResponse" time="0.049" classname="DBTest"/>
  <testcase name="verifySaveItemToDB" time="0.014" classname="DBTest"/>
</testsuite> <!-- DBTest -->
